{"level":"info","message":"SMTP server is ready to send emails","timestamp":"2026-01-08T06:07:14.528Z"}
{"level":"info","message":"SMTP server is ready to send emails","timestamp":"2026-01-08T06:07:17.125Z"}
{"level":"info","message":"SMTP server is ready to send emails","timestamp":"2026-01-08T06:10:03.722Z"}
{"level":"info","message":"Email sent successfully to jzzafc35dy@daouse.com","messageId":"<1ee712a0-ec04-cb3d-614c-1ffc512170ff@gmail.com>","subject":"Verify Your Account","timestamp":"2026-01-08T06:10:08.545Z"}
{"level":"info","message":"SMTP server is ready to send emails","timestamp":"2026-01-08T06:11:55.069Z"}
{"level":"info","message":"SMTP server is ready to send emails","timestamp":"2026-01-08T06:13:12.039Z"}
{"level":"info","message":"SMTP server is ready to send emails","timestamp":"2026-01-08T06:13:16.378Z"}
{"level":"info","message":"SMTP server is ready to send emails","timestamp":"2026-01-08T06:13:24.060Z"}
{"level":"info","message":"SMTP server is ready to send emails","timestamp":"2026-01-08T06:16:59.076Z"}
{"level":"info","message":"SMTP server is ready to send emails","timestamp":"2026-01-08T06:22:04.538Z"}
{"level":"info","message":"Email sent successfully to snyy6g3nnh@daouse.com","messageId":"<147711c8-1dba-c30e-ff53-6e77f1d6013b@gmail.com>","subject":"Verify Your Account","timestamp":"2026-01-08T06:22:47.672Z"}
{"level":"info","message":"SMTP server is ready to send emails","timestamp":"2026-01-08T06:26:22.330Z"}
{"level":"info","message":"Email sent successfully to qlcgwkpowq@mrotzis.com","messageId":"<239234a3-f1dd-e74e-7b56-0de453004114@gmail.com>","subject":"Verify Your Account","timestamp":"2026-01-08T06:27:03.438Z"}
{"level":"info","message":"SMTP server is ready to send emails","timestamp":"2026-01-08T06:27:24.429Z"}
{"level":"info","message":"SMTP server is ready to send emails","timestamp":"2026-01-08T06:27:55.687Z"}
{"level":"info","message":"Email sent successfully to uoijmjxpqw@xkxkud.com","messageId":"<8527cf04-6627-ad93-2f6f-03b44e7d7bc5@gmail.com>","subject":"Verify Your Account","timestamp":"2026-01-08T06:28:11.076Z"}
{"level":"info","message":"SMTP server is ready to send emails","timestamp":"2026-01-08T06:29:41.134Z"}
{"level":"info","message":"SMTP server is ready to send emails","timestamp":"2026-01-08T06:29:46.910Z"}
{"level":"info","message":"SMTP server is ready to send emails","timestamp":"2026-01-08T06:29:53.572Z"}
{"level":"info","message":"SMTP server is ready to send emails","timestamp":"2026-01-08T06:30:09.020Z"}
{"level":"info","message":"SMTP server is ready to send emails","timestamp":"2026-01-08T06:30:12.326Z"}
{"level":"info","message":"SMTP server is ready to send emails","timestamp":"2026-01-08T06:30:26.436Z"}
{"level":"info","message":"SMTP server is ready to send emails","timestamp":"2026-01-08T06:30:30.883Z"}
{"level":"info","message":"SMTP server is ready to send emails","timestamp":"2026-01-08T06:30:33.002Z"}
{"level":"info","message":"SMTP server is ready to send emails","timestamp":"2026-01-08T06:30:36.072Z"}
{"level":"info","message":"SMTP server is ready to send emails","timestamp":"2026-01-08T06:30:41.772Z"}
{"level":"info","message":"Email sent successfully to uoijmjxpqw@xkxkud.com","messageId":"<b60c2375-931c-fd3a-8fbe-0d7611a520cd@gmail.com>","subject":"Welcome to TEST!","timestamp":"2026-01-08T06:30:58.351Z"}
{"level":"info","message":"Email sent successfully to dx6oc3v1qh@ozsaip.com","messageId":"<5efe84d0-6bfe-4d8b-2fb8-628df36b2a09@gmail.com>","subject":"Verify Your Account","timestamp":"2026-01-08T06:33:12.161Z"}
{"level":"info","message":"Email sent successfully to dx6oc3v1qh@ozsaip.com","messageId":"<f03abcf4-5fe3-76ee-1bc3-f2b117b89b47@gmail.com>","subject":"Welcome to TEST!","timestamp":"2026-01-08T06:33:31.510Z"}
{"level":"info","message":"SMTP server is ready to send emails","timestamp":"2026-01-08T06:36:37.482Z"}
{"level":"info","message":"Email sent successfully to je2vvuo3ee@zudpck.com","messageId":"<f34b4265-5b87-1b25-4cbf-2be48a4ff933@gmail.com>","subject":"Verify Your Account","timestamp":"2026-01-08T06:37:06.319Z"}
{"level":"info","message":"Email sent successfully to je2vvuo3ee@zudpck.com","messageId":"<4d5cc244-1c52-c031-ec19-6b19f4e11e1f@gmail.com>","subject":"Welcome to TEST!","timestamp":"2026-01-08T06:37:29.600Z"}
